<?xml version="1.0" encoding="UTF-8"?>
<!-- Generated by org.testng.reporters.JUnitXMLReporter -->
<testsuite ignored="0" hostname="TI012586674557" failures="0" tests="4" name="Default test" time="0.054" errors="0" timestamp="2021-03-09T17:19:58 EST">
  <testcase classname="com.gs.linkedlist.deletion.DeleteNodeTest" name="testCase1" time="0.011"/>
  <testcase classname="com.gs.linkedlist.deletion.DeleteNodeTest" name="testCase2" time="0.001"/>
  <testcase classname="com.gs.linkedlist.deletion.DeleteNodeTest" name="testCase3" time="0.001"/>
  <testcase classname="com.gs.linkedlist.deletion.DeleteNodeTest" name="testCase4" time="0.001"/>
</testsuite> <!-- Default test -->
