<?xml version="1.0" encoding="UTF-8"?>
<testng-results ignored="0" total="4" passed="4" failed="0" skipped="0">
  <reporter-output>
  </reporter-output>
  <suite started-at="2021-03-09T17:19:58 EST" name="Default suite" finished-at="2021-03-09T17:19:58 EST" duration-ms="54">
    <groups>
    </groups>
    <test started-at="2021-03-09T17:19:58 EST" name="Default test" finished-at="2021-03-09T17:19:58 EST" duration-ms="54">
      <class name="com.gs.linkedlist.deletion.DeleteNodeTest">
        <test-method signature="testCase1()[pri:0, instance:com.gs.linkedlist.deletion.DeleteNodeTest@6236eb5f]" started-at="2021-03-09T17:19:58 EST" name="testCase1" finished-at="2021-03-09T17:19:58 EST" duration-ms="11" status="PASS">
          <reporter-output>
          </reporter-output>
        </test-method> <!-- testCase1 -->
        <test-method signature="testCase2()[pri:0, instance:com.gs.linkedlist.deletion.DeleteNodeTest@6236eb5f]" started-at="2021-03-09T17:19:58 EST" name="testCase2" finished-at="2021-03-09T17:19:58 EST" duration-ms="1" status="PASS">
          <reporter-output>
          </reporter-output>
        </test-method> <!-- testCase2 -->
        <test-method signature="testCase3()[pri:0, instance:com.gs.linkedlist.deletion.DeleteNodeTest@6236eb5f]" started-at="2021-03-09T17:19:58 EST" name="testCase3" finished-at="2021-03-09T17:19:58 EST" duration-ms="1" status="PASS">
          <reporter-output>
          </reporter-output>
        </test-method> <!-- testCase3 -->
        <test-method signature="testCase4()[pri:0, instance:com.gs.linkedlist.deletion.DeleteNodeTest@6236eb5f]" started-at="2021-03-09T17:19:58 EST" name="testCase4" finished-at="2021-03-09T17:19:58 EST" duration-ms="1" status="PASS">
          <reporter-output>
          </reporter-output>
        </test-method> <!-- testCase4 -->
      </class> <!-- com.gs.linkedlist.deletion.DeleteNodeTest -->
    </test> <!-- Default test -->
  </suite> <!-- Default suite -->
</testng-results>
